2025-03-03 16:02:33,576 - INFO - Starting advanced port scanner
2025-03-03 16:02:33,576 - ERROR - 
Unexpected error: EOF when reading a line
2025-03-03 16:02:44,006 - INFO - Starting advanced port scanner
2025-03-03 16:02:44,006 - ERROR - 
Unexpected error: EOF when reading a line
2025-03-03 16:10:08,043 - INFO - Starting advanced port scanner
2025-03-03 16:10:08,045 - INFO - Target selected from command line: 10.10.10.245
2025-03-03 16:10:08,045 - INFO - Port range selected from command line: 1-1024
2025-03-03 16:10:08,045 - INFO - 
Starting scan at: 2025-03-03 16:10:08
2025-03-03 16:10:08,045 - INFO - 
Scanning 10.10.10.245 for open ports...
2025-03-03 16:10:10,166 - INFO - 
Found open port: 21
2025-03-03 16:10:10,167 - INFO - 
Found open port: 22
2025-03-03 16:10:10,167 - INFO - 
Found open port: 80
2025-03-03 16:10:10,439 - INFO - 
Scan completed! Found 3 open ports
2025-03-03 16:10:10,440 - INFO - 
============================================================
2025-03-03 16:10:10,440 - INFO - SCAN SUMMARY FOR 10.10.10.245
2025-03-03 16:10:10,440 - INFO - ============================================================
2025-03-03 16:10:10,440 - INFO - Scan started at: 2025-03-03 16:10:08
2025-03-03 16:10:10,440 - INFO - Scan duration: 2.39 seconds
2025-03-03 16:10:10,440 - INFO - Open ports found: 3
2025-03-03 16:10:10,440 - INFO - 
Open Ports:
2025-03-03 16:10:10,440 - INFO -   - 21/tcp: FTP
2025-03-03 16:10:10,441 - INFO -   - 22/tcp: SSH
2025-03-03 16:10:10,441 - INFO -   - 80/tcp: HTTP
2025-03-03 16:10:10,441 - INFO - ============================================================
2025-03-03 16:10:10,447 - INFO - 
Gathering additional information...
2025-03-03 16:10:10,448 - INFO - 
Performing banner grabbing...
2025-03-03 16:10:10,658 - INFO - [+] Banner for port 21: 220 (vsFTPd 3.0.3)
331 Please specify the password.
2025-03-03 16:10:10,668 - INFO - [+] Banner for port 22: SSH-2.0-OpenSSH_8.2p1 Ubuntu-4ubuntu0.2
2025-03-03 16:10:10,678 - INFO - [+] Banner for port 80: HTTP/1.1 200 OK
Server: gunicorn
Date: Tue, 04 Mar 2025 00:10:10 GMT
Connection: keep-alive
Content-Type: text/html; charset=utf-8
Content-Length: 19386

<!DOCTYPE html>
<html class="no-js" lang="en">

<head>
    <meta charset="utf-8">
    <meta http-equiv="x-ua-compatible" content="ie=edge">
    <title>Security Dashboard</title>
    <meta name="viewport" content="width=device-width, initial-scale=1">
    <link rel="shortcut icon" type="image/png" href="/static/images/icon/favicon.ico">
    <link rel="stylesheet" href="/static/css/bootstrap.min.css">
    <link rel="stylesheet" href="/static/css/font-awesome.min.css">
    <link rel="stylesheet" href="/static/css/themify-icons.css">
    <link rel="stylesheet" href="/static/css/metisMenu.css">
    <link rel="stylesheet" href="/static/css/owl.carousel.min.css">
    <link rel="stylesheet" href="/static/css/slicknav.min.css">
    <!-- amchart css -->
    <link rel="stylesheet" href="https://www.amcharts.com/lib/3/plugins/export/export.css" type="text/css" me
2025-03-03 16:10:10,678 - INFO - 
Performing vulnerability scan...
2025-03-03 16:10:10,692 - INFO - Running vulnerability scripts (this may take a while)...
2025-03-03 16:10:48,921 - INFO - 
[+] Scan results saved to logs/scan_10.10.10.245_2025-03-03_16-10-10.json
2025-03-03 16:11:14,843 - INFO - Starting advanced port scanner
2025-03-03 16:11:14,844 - INFO - Target selected from command line: 10.10.10.245
2025-03-03 16:11:14,844 - INFO - Port range selected from command line: 1-1024
2025-03-03 16:11:14,844 - INFO - 
Starting scan at: 2025-03-03 16:11:14
2025-03-03 16:11:14,844 - INFO - 
Scanning 10.10.10.245 for open ports...
2025-03-03 16:11:17,048 - INFO - 
Scan completed! Found 0 open ports
2025-03-03 16:11:17,049 - INFO - 
No open ports found.
2025-03-03 16:12:37,959 - INFO - Starting advanced port scanner
2025-03-03 16:12:37,960 - INFO - Target selected from command line: 34.136.159.241
2025-03-03 16:12:37,960 - INFO - Port range selected from command line: 1-1024
2025-03-03 16:12:37,960 - INFO - 
Starting scan at: 2025-03-03 16:12:37
2025-03-03 16:12:37,960 - INFO - 
Scanning 34.136.159.241 for open ports...
2025-03-03 16:12:38,799 - INFO - 
Scan completed! Found 0 open ports
2025-03-03 16:12:38,800 - INFO - 
No open ports found.
2025-03-03 16:17:37,345 - INFO - Starting advanced port scanner
2025-03-03 16:17:37,346 - INFO - Target selected from command line: 10.10.10.245
2025-03-03 16:17:37,346 - INFO - Port range selected from command line: 1-1024
2025-03-03 16:17:37,346 - INFO - 
Starting scan at: 2025-03-03 16:17:37
2025-03-03 16:17:37,346 - INFO - 
Scanning 10.10.10.245 for open ports...
2025-03-03 16:17:38,618 - INFO - 
Found open port: 21
2025-03-03 16:17:38,619 - INFO - 
Found open port: 22
2025-03-03 16:17:38,619 - INFO - 
Found open port: 80
2025-03-03 16:17:38,885 - INFO - 
Scan completed! Found 3 open ports
2025-03-03 16:17:38,886 - INFO - 
============================================================
2025-03-03 16:17:38,886 - INFO - SCAN SUMMARY FOR 10.10.10.245
2025-03-03 16:17:38,886 - INFO - ============================================================
2025-03-03 16:17:38,886 - INFO - Scan started at: 2025-03-03 16:17:37
2025-03-03 16:17:38,886 - INFO - Scan duration: 1.54 seconds
2025-03-03 16:17:38,886 - INFO - Open ports found: 3
2025-03-03 16:17:38,886 - INFO - 
Open Ports:
2025-03-03 16:17:38,886 - INFO -   - 21/tcp: FTP
2025-03-03 16:17:38,886 - INFO -   - 22/tcp: SSH
2025-03-03 16:17:38,886 - INFO -   - 80/tcp: HTTP
2025-03-03 16:17:38,887 - INFO - ============================================================
2025-03-03 16:17:38,895 - INFO - 
Gathering additional information...
2025-03-03 16:17:38,895 - INFO - 
Performing banner grabbing...
2025-03-03 16:17:39,093 - INFO - [+] Banner for port 21: 220 (vsFTPd 3.0.3)
2025-03-03 16:17:39,095 - INFO - [+] Banner for port 80: HTTP/1.1 200 OK
Server: gunicorn
Date: Tue, 04 Mar 2025 00:17:38 GMT
Connection: keep-alive
Content-Type: text/html; charset=utf-8
Content-Length: 19386

<!DOCTYPE html>
<html class="no-js" lang="en">

<head>
    <meta charset="utf-8">
    <meta http-equiv="x-ua-compatible" content="ie=edge">
    <title>Security Dashboard</title>
    <meta name="viewport" content="width=device-width, initial-scale=1">
    <link rel="shortcut icon" type="image/png" href="/static/images/icon/favicon.ico">
    <link rel="stylesheet" href="/static/css/bootstrap.min.css">
    <link rel="stylesheet" href="/static/css/font-awesome.min.css">
    <link rel="stylesheet" href="/static/css/themify-icons.css">
    <link rel="stylesheet" href="/static/css/metisMenu.css">
    <link rel="stylesheet" href="/static/css/owl.carousel.min.css">
    <link rel="stylesheet" href="/static/css/slicknav.min.css">
    <!-- amchart css -->
    <link rel="stylesheet" href="https://www.amcharts.com/lib/3/plugins/export/export.css" type="text/css" me
2025-03-03 16:17:39,097 - INFO - [+] Banner for port 22: SSH-2.0-OpenSSH_8.2p1 Ubuntu-4ubuntu0.2
2025-03-03 16:17:39,097 - INFO - 
Performing vulnerability scan...
2025-03-03 16:17:39,111 - INFO - Running vulnerability scripts (this may take a while)...
2025-03-03 16:18:17,112 - INFO - 
[+] Scan results saved to logs/scan_10.10.10.245_2025-03-03_16-17-38.json
2025-03-03 16:20:28,091 - INFO - Starting advanced port scanner
2025-03-03 16:20:28,092 - INFO - Target selected from command line: 10.10.10.245
2025-03-03 16:20:28,092 - INFO - Port range selected from command line: 1-1024
2025-03-03 16:20:28,092 - INFO - 
Starting scan at: 2025-03-03 16:20:28
2025-03-03 16:20:28,092 - INFO - 
Scanning 10.10.10.245 for open ports...
2025-03-03 16:20:30,281 - INFO - 
Scan completed! Found 0 open ports
2025-03-03 16:20:30,282 - INFO - 
No open ports found.
2025-03-03 16:20:48,448 - INFO - Starting advanced port scanner
2025-03-03 16:20:48,449 - INFO - Target selected from command line: 10.10.10.245
2025-03-03 16:20:48,449 - INFO - Port range selected from command line: 1-1024
2025-03-03 16:20:48,449 - INFO - 
Starting scan at: 2025-03-03 16:20:48
2025-03-03 16:20:48,449 - INFO - 
Scanning 10.10.10.245 for open ports...
2025-03-03 16:20:49,700 - INFO - 
Found open port: 21
2025-03-03 16:20:49,700 - INFO - 
Found open port: 22
2025-03-03 16:20:49,701 - INFO - 
Found open port: 80
2025-03-03 16:20:49,962 - INFO - 
Scan completed! Found 3 open ports
2025-03-03 16:20:49,962 - INFO - 
============================================================
2025-03-03 16:20:49,962 - INFO - SCAN SUMMARY FOR 10.10.10.245
2025-03-03 16:20:49,962 - INFO - ============================================================
2025-03-03 16:20:49,963 - INFO - Scan started at: 2025-03-03 16:20:48
2025-03-03 16:20:49,963 - INFO - Scan duration: 1.51 seconds
2025-03-03 16:20:49,963 - INFO - Open ports found: 3
2025-03-03 16:20:49,963 - INFO - 
Open Ports:
2025-03-03 16:20:49,963 - INFO -   - 21/tcp: FTP
2025-03-03 16:20:49,963 - INFO -   - 22/tcp: SSH
2025-03-03 16:20:49,963 - INFO -   - 80/tcp: HTTP
2025-03-03 16:20:49,963 - INFO - ============================================================
2025-03-03 16:20:49,970 - INFO - 
Gathering additional information...
2025-03-03 16:20:49,970 - INFO - 
Performing banner grabbing...
2025-03-03 16:20:50,153 - INFO - [+] Banner for port 21: 220 (vsFTPd 3.0.3)
2025-03-03 16:20:50,167 - INFO - [+] Banner for port 22: SSH-2.0-OpenSSH_8.2p1 Ubuntu-4ubuntu0.2
2025-03-03 16:20:50,167 - INFO - [+] Banner for port 80: HTTP/1.1 200 OK
Server: gunicorn
Date: Tue, 04 Mar 2025 00:20:50 GMT
Connection: keep-alive
Content-Type: text/html; charset=utf-8
Content-Length: 19386

<!DOCTYPE html>
<html class="no-js" lang="en">

<head>
    <meta charset="utf-8">
    <meta http-equiv="x-ua-compatible" content="ie=edge">
    <title>Security Dashboard</title>
    <meta name="viewport" content="width=device-width, initial-scale=1">
    <link rel="shortcut icon" type="image/png" href="/static/images/icon/favicon.ico">
    <link rel="stylesheet" href="/static/css/bootstrap.min.css">
    <link rel="stylesheet" href="/static/css/font-awesome.min.css">
    <link rel="stylesheet" href="/static/css/themify-icons.css">
    <link rel="stylesheet" href="/static/css/metisMenu.css">
    <link rel="stylesheet" href="/static/css/owl.carousel.min.css">
    <link rel="stylesheet" href="/static/css/slicknav.min.css">
    <!-- amchart css -->
    <link rel="stylesheet" href="https://www.amcharts.com/lib/3/plugins/export/export.css" type="text/css" me
2025-03-03 16:20:50,168 - INFO - 
Performing vulnerability scan...
2025-03-03 16:20:50,182 - INFO - Running vulnerability scripts (this may take a while)...
2025-03-03 16:21:28,327 - INFO - 
[+] Scan results saved to logs/scan_10.10.10.245_2025-03-03_16-20-49.json
2025-03-03 16:24:10,962 - INFO - Starting advanced port scanner
2025-03-03 16:24:10,963 - INFO - Target selected from command line: 10.10.10.245
2025-03-03 16:24:10,963 - INFO - Port range selected from command line: 1-1024
2025-03-03 16:24:10,963 - INFO - 
Starting scan at: 2025-03-03 16:24:10
2025-03-03 16:24:10,963 - INFO - 
Scanning 10.10.10.245 for open ports...
2025-03-03 16:24:13,153 - INFO - 
Scan completed! Found 0 open ports
2025-03-03 16:24:13,154 - INFO - 
No open ports found.
2025-03-03 16:24:27,526 - INFO - Starting advanced port scanner
2025-03-03 16:24:27,528 - INFO - Target selected from command line: 10.10.10.245
2025-03-03 16:24:27,528 - INFO - Port range selected from command line: 1-1024
2025-03-03 16:24:27,528 - INFO - 
Starting scan at: 2025-03-03 16:24:27
2025-03-03 16:24:27,528 - INFO - 
Scanning 10.10.10.245 for open ports...
2025-03-03 16:24:29,709 - INFO - 
Scan completed! Found 0 open ports
2025-03-03 16:24:29,709 - INFO - 
No open ports found.
2025-03-03 16:25:05,526 - INFO - Starting advanced port scanner
2025-03-03 16:25:05,527 - INFO - Target selected from command line: 10.10.10.245
2025-03-03 16:25:05,528 - INFO - Port range selected from command line: 1-1024
2025-03-03 16:25:05,528 - INFO - 
Starting scan at: 2025-03-03 16:25:05
2025-03-03 16:25:05,528 - INFO - 
Scanning 10.10.10.245 for open ports...
2025-03-03 16:25:07,730 - INFO - 
Scan completed! Found 0 open ports
2025-03-03 16:25:07,731 - INFO - 
No open ports found.
2025-03-03 16:28:30,893 - INFO - Starting advanced port scanner
2025-03-03 16:28:30,894 - INFO - Target selected from command line: 10.10.10.245
2025-03-03 16:28:30,894 - INFO - Port range selected from command line: 1-1024
2025-03-03 16:28:30,894 - INFO - 
Starting scan at: 2025-03-03 16:28:30
2025-03-03 16:28:30,894 - INFO - 
Scanning 10.10.10.245 for open ports...
2025-03-03 16:28:33,101 - INFO - 
Scan completed! Found 0 open ports
2025-03-03 16:28:33,101 - INFO - 
No open ports found.
2025-03-03 16:30:22,378 - INFO - Starting advanced port scanner
2025-03-03 16:30:22,378 - INFO - Target selected from command line: 10.10.10.245
2025-03-03 16:30:22,379 - INFO - Port range selected from command line: 1-1024
2025-03-03 16:30:22,379 - INFO - 
Starting scan at: 2025-03-03 16:30:22
2025-03-03 16:30:22,379 - INFO - 
Scanning 10.10.10.245 for open ports...
2025-03-03 16:30:24,569 - INFO - 
Scan completed! Found 0 open ports
2025-03-03 16:30:24,570 - INFO - 
No open ports found.
2025-03-03 16:31:09,884 - INFO - Starting advanced port scanner
2025-03-03 16:31:09,886 - INFO - Target selected from command line: 10.10.10.245
2025-03-03 16:31:09,886 - INFO - Port range selected from command line: 1-5000
2025-03-03 16:31:09,886 - INFO - 
Starting scan at: 2025-03-03 16:31:09
2025-03-03 16:31:09,886 - INFO - 
Scanning 10.10.10.245 for open ports...
2025-03-03 16:31:15,336 - INFO - 
Scan completed! Found 0 open ports
2025-03-03 16:31:15,336 - INFO - 
No open ports found.
